


00000010001100101000000000100000



00000010001100101000000000100010


00000010000100010000011000


00000010000100010000011010



00000010001100101000000000100100



00000010001100101000000000100101



00000010001100101000000000100110



00000010001100101000000000100111



00000010001100101000000000101010



q



q

000000100000000000000000001000

00001000000000000001000000100100

0000110000000000000100000010010000000000000001000000100100


1000111000010001000000000000010000001001000000000000000100000010010000000000000000000000000101


101011100001000100000000000001000000100100000000000000010000001001000000000000000000000000010100000000000000000000000101



00100010000100010000000000000001



00110010000100010000000000000001



00110110000100010000000000000001



00101010000100010000000000000001



00010010000100010000000000000100



00010110000100010000000000000100
